<?xml version="1.0" encoding="UTF-8"?>
<testsuites name="jest tests" tests="6" failures="0" errors="0" time="0.114">
  <testsuite name="FeedbackSystem Component" errors="0" failures="0" skipped="0" timestamp="2025-08-01T16:43:22" time="0.105" tests="6">
    <testcase classname="FeedbackSystem Component Initial Page Rendering Tests should render all aspects with their upvote and downvote buttons and counts" name="FeedbackSystem Component Initial Page Rendering Tests should render all aspects with their upvote and downvote buttons and counts" time="0.007">
    </testcase>
    <testcase classname="FeedbackSystem Component Initial Page Rendering Tests upvotes and downvotes count for the all aspects should be 0" name="FeedbackSystem Component Initial Page Rendering Tests upvotes and downvotes count for the all aspects should be 0" time="0.003">
    </testcase>
    <testcase classname="FeedbackSystem Component Functionality Tests should increment the upvote count for readability when upvote button is clicked" name="FeedbackSystem Component Functionality Tests should increment the upvote count for readability when upvote button is clicked" time="0.004">
    </testcase>
    <testcase classname="FeedbackSystem Component Functionality Tests should increment the downvote count for readability when downvote button is clicked" name="FeedbackSystem Component Functionality Tests should increment the downvote count for readability when downvote button is clicked" time="0.003">
    </testcase>
    <testcase classname="FeedbackSystem Component Functionality Tests should increment the upvote and downvote counts independently for different aspects" name="FeedbackSystem Component Functionality Tests should increment the upvote and downvote counts independently for different aspects" time="0.004">
    </testcase>
    <testcase classname="FeedbackSystem Component Functionality Tests should correctly handle multiple clicks on upvote and downvote buttons" name="FeedbackSystem Component Functionality Tests should correctly handle multiple clicks on upvote and downvote buttons" time="0.004">
    </testcase>
  </testsuite>
</testsuites>